<?xml version="1.0" encoding="UTF-8"?>
<!-- Generated by org.testng.reporters.JUnitReportReporter -->
<testsuite hostname="QT-INHD-LT0758" failures="0" tests="1" name="testRunnerPckge.UserRegistrtionRuner" time="114.275" errors="0" timestamp="2022-10-12T19:46:43 IST" skipped="0">
  <testcase classname="testRunnerPckge.UserRegistrtionRuner" name="profileRegstionTest" time="114.275"/>
  <system-out/>
</testsuite> <!-- testRunnerPckge.UserRegistrtionRuner -->
