<?xml version="1.0" encoding="UTF-8"?>
<!-- Generated by org.testng.reporters.JUnitReportReporter -->
<testsuite hostname="QT-INHD-LT0758" failures="0" tests="1" name="testRunnerPckge.TourismRunnerClass" time="25.257" errors="0" timestamp="2022-10-12T11:46:41 IST" skipped="0">
  <testcase classname="testRunnerPckge.TourismRunnerClass" name="tourismTest" time="25.257"/>
  <system-out/>
</testsuite> <!-- testRunnerPckge.TourismRunnerClass -->
